[0]
(31,110),(31,104)
(31,104),(11,104)
[1]
(73,12),(73,7)
(73,9),(73,7)
(60,12),(73,12)
(49,17),(49,9)
(49,9),(73,9)
(34,20),(34,17)
(34,17),(49,17)
(17,20),(34,20)
[10]
(132,58),(129,58)
(132,48),(132,58)
(129,69),(114,69)
(129,58),(129,69)
(114,81),(107,81)
(114,69),(114,81)
(96,81),(107,81)
(96,34),(96,81)
(44,44),(44,34)
(44,34),(96,34)
(34,48),(34,44)
(34,44),(44,44)
(17,48),(34,48)
[11]
(25,107),(31,107)
(25,99),(25,107)
(9,99),(25,99)
(9,11),(9,99)
[12]
(132,48),(132,28)
(132,28),(128,28)
(128,34),(128,28)
(125,77),(125,53)
(125,53),(114,53)
(114,53),(114,34)
(114,34),(128,34)
[13]
(143,24),(122,24)
(143,23),(143,24)
(132,48),(132,30)
(132,30),(124,30)
(124,30),(124,24)
(124,24),(122,24)
[14]
(25,107),(31,107)
(25,99),(25,107)
(5,99),(25,99)
(5,72),(5,99)
[15]
(145,34),(114,34)
(145,33),(145,34)
(114,89),(104,89)
(114,34),(114,89)
(104,129),(89,129)
(104,89),(104,129)
(101,99),(89,99)
(101,83),(101,99)
(89,148),(54,148)
(89,129),(89,148)
(89,99),(89,148)
[16]
(124,117),(124,89)
(124,89),(114,89)
(122,34),(122,24)
(114,117),(124,117)
(114,89),(114,34)
(114,34),(122,34)
[17]
(75,114),(44,114)
(75,79),(75,114)
(44,120),(42,120)
(44,114),(44,120)
[18]
(41,128),(58,128)
(41,99),(41,128)
(5,99),(41,99)
(5,72),(5,99)
[19]
(55,9),(49,9)
(55,4),(55,9)
(49,34),(44,34)
(49,9),(49,34)
(44,44),(34,44)
(44,34),(44,44)
(34,107),(31,107)
(34,44),(34,107)
[2]
(31,113),(31,107)
(8,113),(31,113)
[20]
(114,117),(114,107)
(114,107),(91,107)
[21]
(132,58),(129,58)
(132,48),(132,58)
(129,69),(114,69)
(129,58),(129,69)
(114,71),(99,71)
(114,69),(114,71)
(99,71),(99,34)
(99,34),(44,34)
(60,34),(44,34)
(60,12),(60,34)
(44,44),(34,44)
(44,34),(44,44)
(34,46),(16,46)
(34,44),(34,46)
[22]
(136,102),(136,69)
(136,69),(129,69)
(129,69),(129,53)
(129,53),(114,53)
(116,144),(116,110)
(116,110),(109,110)
(114,53),(114,13)
(114,13),(52,13)
(109,110),(109,99)
(109,99),(104,99)
(104,99),(104,13)
(104,13),(52,13)
(96,99),(96,34)
(96,34),(93,34)
(93,137),(93,117)
(93,117),(89,117)
(93,34),(93,13)
(93,13),(52,13)
(89,117),(89,99)
(89,99),(96,99)
[23]
(142,95),(142,52)
(142,52),(118,52)
(96,52),(118,52)
(96,34),(96,52)
(60,34),(96,34)
(60,12),(60,34)
[24]
(17,52),(51,52)
(17,48),(17,52)
[25]
(106,142),(121,142)
(106,129),(106,142)
(70,129),(106,129)
(70,114),(70,129)
(31,114),(70,114)
(31,110),(31,114)
[26]
(121,125),(103,125)
(121,118),(121,125)
(117,34),(114,34)
(117,22),(117,34)
(114,89),(104,89)
(114,34),(114,89)
(104,125),(103,125)
(104,89),(104,125)
[27]
(96,115),(96,31)
(96,31),(49,31)
(49,31),(49,19)
(49,19),(48,19)
[28]
(50,121),(50,96)
(50,96),(34,96)
(34,96),(34,71)
(34,71),(8,71)
[29]
(121,116),(121,110)
(121,110),(109,110)
(117,22),(117,5)
(117,5),(103,5)
(111,89),(111,5)
(111,5),(103,5)
(109,110),(109,99)
(109,99),(104,99)
(104,99),(104,89)
(104,89),(111,89)
(55,5),(103,5)
(55,4),(55,5)
[3]
(114,83),(114,34)
(114,34),(143,34)
(111,34),(143,34)
(111,9),(111,34)
(101,83),(114,83)
(49,19),(49,9)
(49,9),(111,9)
(48,19),(49,19)
[30]
(31,110),(31,71)
(31,71),(8,71)
[31]
(140,20),(140,3)
(139,34),(139,20)
(139,20),(140,20)
(114,89),(114,34)
(114,34),(139,34)
(104,99),(104,89)
(104,89),(114,89)
(89,110),(89,99)
(89,99),(104,99)
(31,110),(89,110)
[32]
(140,4),(140,3)
(130,9),(130,4)
(130,4),(140,4)
(55,9),(130,9)
(55,4),(55,9)
[33]
(31,128),(58,128)
(31,110),(31,128)
[34]
(48,110),(48,107)
(31,110),(48,110)
[35]
(41,107),(48,107)
(41,99),(41,107)
(5,99),(41,99)
(5,72),(5,99)
[36]
(48,34),(48,19)
(44,44),(44,34)
(44,34),(48,34)
(34,110),(34,44)
(34,44),(44,44)
(31,110),(34,110)
[37]
(48,34),(48,19)
(44,44),(44,34)
(44,34),(48,34)
(34,72),(34,44)
(34,44),(44,44)
(5,72),(34,72)
[38]
(136,34),(114,34)
(136,8),(136,34)
(114,89),(104,89)
(114,34),(114,89)
(104,99),(89,99)
(104,89),(104,99)
(89,107),(31,107)
(89,99),(89,107)
[39]
(31,110),(31,48)
(31,48),(6,48)
[4]
(145,34),(114,34)
(145,33),(145,34)
(142,99),(89,99)
(142,95),(142,99)
(132,99),(89,99)
(132,61),(132,99)
(114,89),(104,89)
(114,34),(114,89)
(104,99),(89,99)
(104,89),(104,99)
(89,107),(31,107)
(89,99),(89,107)
[40]
(136,102),(136,99)
(136,99),(104,99)
(104,99),(104,96)
(104,96),(34,96)
(34,96),(34,48)
(34,48),(6,48)
[41]
(12,48),(6,48)
(12,20),(12,48)
[42]
(9,48),(6,48)
(9,11),(9,48)
[43]
(125,77),(125,71)
(125,71),(99,71)
(99,71),(99,34)
(99,34),(44,34)
(44,44),(34,44)
(44,34),(44,44)
(34,48),(6,48)
(34,44),(34,48)
[44]
(47,48),(6,48)
(47,46),(47,48)
[45]
(130,104),(143,104)
(130,99),(130,104)
(10,99),(130,99)
(10,47),(10,99)
[46]
(96,72),(125,72)
(96,34),(96,72)
(44,44),(44,34)
(44,34),(96,34)
(34,47),(34,44)
(34,44),(44,44)
(10,47),(34,47)
[47]
(10,57),(53,57)
(10,47),(10,57)
[48]
(58,110),(58,48)
(31,110),(58,110)
[49]
(31,110),(31,11)
(31,11),(30,11)
[5]
(146,53),(145,53)
(146,34),(146,53)
(145,95),(116,95)
(145,53),(145,95)
(145,34),(146,34)
(145,23),(145,34)
[50]
(121,69),(114,69)
(121,50),(121,69)
(114,89),(104,89)
(114,69),(114,89)
(104,107),(91,107)
(104,89),(104,107)
[51]
(146,23),(146,15)
(146,15),(130,15)
(130,15),(130,9)
(130,9),(49,9)
(117,22),(117,9)
(117,9),(49,9)
(93,128),(93,117)
(93,117),(89,117)
(89,117),(89,96)
(89,96),(34,96)
(49,13),(30,13)
(49,9),(49,13)
(34,96),(34,13)
(34,13),(30,13)
[52]
(31,110),(31,17)
(31,17),(28,17)
(28,17),(28,12)
(28,12),(14,12)
(14,12),(14,6)
(14,6),(3,6)
[53]
(95,120),(95,117)
(95,117),(89,117)
(89,117),(89,96)
(89,96),(34,96)
(34,96),(34,21)
(34,21),(5,21)
[54]
(93,128),(93,117)
(93,117),(89,117)
(89,117),(89,107)
(89,107),(48,107)
[55]
(136,129),(112,129)
(136,102),(136,129)
(112,135),(99,135)
(112,129),(112,135)
[56]
(143,99),(143,93)
(89,109),(89,99)
(89,99),(143,99)
(55,109),(89,109)
[57]
(121,129),(112,129)
(121,118),(121,129)
(112,135),(99,135)
(112,129),(112,135)
(99,148),(99,135)
(62,148),(99,148)
[58]
(136,102),(136,86)
(136,86),(129,86)
(129,86),(129,85)
(129,85),(128,85)
(128,85),(128,84)
(128,84),(127,84)
(127,84),(127,83)
(127,83),(126,83)
(126,83),(126,82)
(126,82),(125,82)
(125,82),(125,81)
(125,81),(124,81)
(124,81),(124,80)
(124,80),(123,80)
(123,80),(123,79)
(123,79),(122,79)
(122,79),(122,78)
(122,78),(121,78)
(121,78),(121,77)
(121,77),(120,77)
(120,77),(120,76)
(120,76),(119,76)
(119,76),(119,75)
(119,75),(118,75)
(118,75),(118,74)
(118,74),(117,74)
(117,74),(117,73)
(117,73),(116,73)
(116,73),(116,72)
(116,72),(115,72)
(115,72),(115,71)
(115,71),(99,71)
(99,71),(99,31)
(99,31),(49,31)
(49,31),(49,19)
(49,19),(48,19)
[59]
(111,32),(134,32)
(111,9),(111,32)
(105,9),(111,9)
(105,5),(105,9)
[6]
(50,121),(50,107)
(50,107),(31,107)
[60]
(143,117),(143,104)
(114,117),(143,117)
[61]
(17,104),(11,104)
(17,9),(17,104)
[62]
(142,99),(26,99)
(142,95),(142,99)
(26,104),(11,104)
(26,99),(26,104)
[63]
(50,121),(50,99)
(50,99),(26,99)
(26,104),(11,104)
(26,99),(26,104)
(17,104),(11,104)
(17,48),(17,104)
[64]
(141,99),(141,63)
(26,113),(26,99)
(26,99),(141,99)
(8,113),(26,113)
[65]
(146,95),(146,34)
(146,34),(142,34)
(142,95),(146,95)
(142,34),(142,31)
(142,31),(139,31)
(139,31),(139,28)
(139,28),(132,28)
(132,34),(132,28)
(114,89),(114,34)
(114,34),(132,34)
(111,28),(132,28)
(111,9),(111,28)
(104,115),(104,89)
(104,89),(114,89)
(96,115),(104,115)
(49,34),(49,9)
(49,9),(111,9)
(44,44),(44,34)
(44,34),(49,34)
(34,47),(34,44)
(34,44),(44,44)
(10,47),(34,47)
[66]
(141,81),(143,81)
[67]
(52,148),(61,148)
(52,140),(52,148)
(52,114),(44,114)
(52,101),(52,114)
(46,148),(61,148)
(46,116),(46,148)
(44,140),(52,140)
(44,114),(44,140)
[68]
(103,125),(107,125)
(103,99),(103,125)
(96,99),(103,99)
(96,34),(96,99)
(51,34),(96,34)
(51,12),(51,34)
[69]
(136,129),(112,129)
(136,102),(136,129)
(112,148),(54,148)
(112,129),(112,148)
[7]
(96,95),(116,95)
(96,34),(96,95)
(43,34),(96,34)
(43,23),(43,34)
[70]
(130,104),(143,104)
(130,99),(130,104)
(89,107),(89,99)
(89,99),(130,99)
(56,107),(89,107)
[71]
(111,71),(105,71)
(111,9),(111,71)
(105,89),(104,89)
(105,71),(105,89)
(105,9),(111,9)
(105,5),(105,9)
(104,135),(99,135)
(104,89),(104,135)
(103,117),(99,117)
(103,99),(103,117)
(99,117),(99,135)
(96,99),(103,99)
(96,34),(96,99)
(43,34),(96,34)
(43,23),(43,34)
[72]
(146,118),(146,90)
(124,90),(146,90)
(124,89),(124,90)
(121,118),(146,118)
(101,89),(124,89)
(101,83),(101,89)
[73]
(140,129),(112,129)
(140,80),(140,129)
(112,135),(99,135)
(112,129),(112,135)
[74]
(122,89),(104,89)
(122,77),(122,89)
(104,129),(89,129)
(104,89),(104,129)
(89,148),(71,148)
(89,129),(89,148)
[75]
(125,117),(125,72)
(114,117),(125,117)
[76]
(114,142),(121,142)
(114,117),(114,142)
[77]
(129,144),(129,111)
(116,144),(129,144)
[78]
(132,129),(112,129)
(132,61),(132,129)
(116,144),(116,135)
(116,135),(99,135)
(114,129),(112,129)
(114,117),(114,129)
(112,135),(99,135)
(112,129),(112,135)
[79]
(129,144),(129,111)
(116,144),(129,144)
[8]
(56,107),(31,107)
[80]
(111,63),(141,63)
(111,9),(111,63)
(55,9),(111,9)
(55,4),(55,9)
[81]
(129,129),(129,111)
(112,137),(112,129)
(112,129),(129,129)
(93,137),(112,137)
[82]
(50,135),(99,135)
(50,121),(50,135)
[83]
(43,23),(43,17)
(43,17),(28,17)
(28,17),(28,12)
(28,12),(14,12)
(14,12),(14,6)
(14,6),(3,6)
[84]
(128,34),(128,27)
(114,89),(114,34)
(114,34),(128,34)
(104,137),(104,89)
(104,89),(114,89)
(93,137),(104,137)
[85]
(50,121),(50,96)
(50,96),(34,96)
(34,96),(34,17)
(34,17),(28,17)
(28,17),(28,12)
(28,12),(14,12)
(14,12),(14,6)
(14,6),(3,6)
[86]
(146,118),(146,34)
(146,77),(146,34)
(146,34),(139,34)
(140,20),(140,3)
(139,34),(139,20)
(139,20),(140,20)
(122,77),(146,77)
(121,118),(146,118)
[87]
(116,144),(116,117)
(116,117),(89,117)
(89,117),(89,107)
(89,107),(31,107)
[88]
(140,20),(140,3)
(139,34),(139,20)
(139,22),(139,20)
(139,20),(140,20)
(117,22),(139,22)
(114,89),(114,34)
(114,34),(139,34)
(104,129),(104,89)
(104,89),(114,89)
(89,148),(89,129)
(89,129),(104,129)
(50,148),(89,148)
[89]
(57,107),(57,62)
(56,107),(57,107)
[9]
(25,107),(31,107)
(25,99),(25,107)
(10,99),(25,99)
(10,47),(10,99)
[97]
(41,141),(41,128)
(41,128),(58,128)
(8,141),(41,141)
(8,113),(8,141)
